# JRE version: OpenJDK Runtime Environment (17.0.6) (build 17.0.6+0-b2043.56-9586694)
# Java VM: OpenJDK 64-Bit Server VM (17.0.6+0-b2043.56-9586694, mixed mode, tiered, compressed oops, compressed class ptrs, g1 gc, windows-amd64)
GC Precious Log:
 CPUs: 8 total, 8 available
 Memory: 7957M
 Large Page Support: Disabled
 NUMA Support: Disabled
 Compressed Oops: Enabled (32-bit)
 Heap Region Size: 1M
 Heap Min Capacity: 8M
 Heap Initial Capacity: 126M
 Heap Max Capacity: 2G
 Pre-touch: Disabled
 Parallel Workers: 8
 Concurrent Workers: 2
 Concurrent Refinement Workers: 8
 Periodic GC: Disabled
Heap:
 garbage-first heap   total 139264K, used 79052K [0x0000000080000000, 0x0000000100000000)
  region size 1024K, 21 young (21504K), 6 survivors (6144K)
 Metaspace       used 74522K, committed 75072K, reserved 1114112K
  class space    used 9728K, committed 9984K, reserved 1048576K
GC Heap History (20 events):
Event: 14.990 GC heap before
{Heap before GC invocations=21 (full 0):
 garbage-first heap   total 73728K, used 45846K [0x0000000080000000, 0x0000000100000000)
  region size 1024K, 7 young (7168K), 2 survivors (2048K)
 Metaspace       used 59328K, committed 59776K, reserved 1105920K
  class space    used 7796K, committed 8000K, reserved 1048576K
}
Event: 14.994 GC heap after
{Heap after GC invocations=22 (full 0):
 garbage-first heap   total 73728K, used 42426K [0x0000000080000000, 0x0000000100000000)
  region size 1024K, 1 young (1024K), 1 survivors (1024K)
 Metaspace       used 59328K, committed 59776K, reserved 1105920K
  class space    used 7796K, committed 8000K, reserved 1048576K
}
Event: 15.501 GC heap before
{Heap before GC invocations=23 (full 0):
 garbage-first heap   total 76800K, used 65978K [0x0000000080000000, 0x0000000100000000)
  region size 1024K, 16 young (16384K), 1 survivors (1024K)
 Metaspace       used 60362K, committed 60864K, reserved 1105920K
  class space    used 7918K, committed 8128K, reserved 1048576K
}
Event: 15.504 GC heap after
{Heap after GC invocations=24 (full 0):
 garbage-first heap   total 76800K, used 57270K [0x0000000080000000, 0x0000000100000000)
  region size 1024K, 2 young (2048K), 2 survivors (2048K)
 Metaspace       used 60362K, committed 60864K, reserved 1105920K
  class space    used 7918K, committed 8128K, reserved 1048576K
}
Event: 15.521 GC heap before
{Heap before GC invocations=24 (full 0):
 garbage-first heap   total 76800K, used 58294K [0x0000000080000000, 0x0000000100000000)
  region size 1024K, 3 young (3072K), 2 survivors (2048K)
 Metaspace       used 60477K, committed 60928K, reserved 1105920K
  class space    used 7931K, committed 8128K, reserved 1048576K
}
Event: 15.523 GC heap after
{Heap after GC invocations=25 (full 0):
 garbage-first heap   total 76800K, used 57296K [0x0000000080000000, 0x0000000100000000)
  region size 1024K, 1 young (1024K), 1 survivors (1024K)
 Metaspace       used 60477K, committed 60928K, reserved 1105920K
  class space    used 7931K, committed 8128K, reserved 1048576K
}
Event: 15.634 GC heap before
{Heap before GC invocations=25 (full 0):
 garbage-first heap   total 76800K, used 63440K [0x0000000080000000, 0x0000000100000000)
  region size 1024K, 7 young (7168K), 1 survivors (1024K)
 Metaspace       used 61241K, committed 61696K, reserved 1105920K
  class space    used 8050K, committed 8256K, reserved 1048576K
}
Event: 15.636 GC heap after
{Heap after GC invocations=26 (full 0):
 garbage-first heap   total 76800K, used 57461K [0x0000000080000000, 0x0000000100000000)
  region size 1024K, 1 young (1024K), 1 survivors (1024K)
 Metaspace       used 61241K, committed 61696K, reserved 1105920K
  class space    used 8050K, committed 8256K, reserved 1048576K
}
Event: 15.782 GC heap before
{Heap before GC invocations=27 (full 0):
 garbage-first heap   total 101376K, used 63605K [0x0000000080000000, 0x0000000100000000)
  region size 1024K, 7 young (7168K), 1 survivors (1024K)
 Metaspace       used 62074K, committed 62528K, reserved 1105920K
  class space    used 8176K, committed 8384K, reserved 1048576K
}
Event: 15.784 GC heap after
{Heap after GC invocations=28 (full 0):
 garbage-first heap   total 101376K, used 57675K [0x0000000080000000, 0x0000000100000000)
  region size 1024K, 1 young (1024K), 1 survivors (1024K)
 Metaspace       used 62074K, committed 62528K, reserved 1105920K
  class space    used 8176K, committed 8384K, reserved 1048576K
}
Event: 15.838 GC heap before
{Heap before GC invocations=28 (full 0):
 garbage-first heap   total 101376K, used 60747K [0x0000000080000000, 0x0000000100000000)
  region size 1024K, 4 young (4096K), 1 survivors (1024K)
 Metaspace       used 62514K, committed 62976K, reserved 1105920K
  class space    used 8235K, committed 8448K, reserved 1048576K
}
Event: 15.840 GC heap after
{Heap after GC invocations=29 (full 0):
 garbage-first heap   total 101376K, used 57355K [0x0000000080000000, 0x0000000100000000)
  region size 1024K, 1 young (1024K), 1 survivors (1024K)
 Metaspace       used 62514K, committed 62976K, reserved 1105920K
  class space    used 8235K, committed 8448K, reserved 1048576K
}
Event: 16.213 GC heap before
{Heap before GC invocations=29 (full 0):
 garbage-first heap   total 101376K, used 78859K [0x0000000080000000, 0x0000000100000000)
  region size 1024K, 22 young (22528K), 1 survivors (1024K)
 Metaspace       used 66453K, committed 66944K, reserved 1114112K
  class space    used 8668K, committed 8896K, reserved 1048576K
}
Event: 16.215 GC heap after
{Heap after GC invocations=30 (full 0):
 garbage-first heap   total 101376K, used 58226K [0x0000000080000000, 0x0000000100000000)
  region size 1024K, 2 young (2048K), 2 survivors (2048K)
 Metaspace       used 66453K, committed 66944K, reserved 1114112K
  class space    used 8668K, committed 8896K, reserved 1048576K
}
Event: 16.712 GC heap before
{Heap before GC invocations=31 (full 0):
 garbage-first heap   total 102400K, used 79730K [0x0000000080000000, 0x0000000100000000)
  region size 1024K, 23 young (23552K), 2 survivors (2048K)
 Metaspace       used 69933K, committed 70464K, reserved 1114112K
  class space    used 9178K, committed 9408K, reserved 1048576K
}
Event: 16.722 GC heap after
{Heap after GC invocations=32 (full 0):
 garbage-first heap   total 102400K, used 59629K [0x0000000080000000, 0x0000000100000000)
  region size 1024K, 3 young (3072K), 3 survivors (3072K)
 Metaspace       used 69933K, committed 70464K, reserved 1114112K
  class space    used 9178K, committed 9408K, reserved 1048576K
}
Event: 16.756 GC heap before
{Heap before GC invocations=32 (full 0):
 garbage-first heap   total 102400K, used 60653K [0x0000000080000000, 0x0000000100000000)
  region size 1024K, 5 young (5120K), 3 survivors (3072K)
 Metaspace       used 70117K, committed 70720K, reserved 1114112K
  class space    used 9199K, committed 9472K, reserved 1048576K
}
Event: 16.759 GC heap after
{Heap after GC invocations=33 (full 0):
 garbage-first heap   total 139264K, used 60238K [0x0000000080000000, 0x0000000100000000)
  region size 1024K, 1 young (1024K), 1 survivors (1024K)
 Metaspace       used 70117K, committed 70720K, reserved 1114112K
  class space    used 9199K, committed 9472K, reserved 1048576K
}
Event: 17.374 GC heap before
{Heap before GC invocations=33 (full 0):
 garbage-first heap   total 139264K, used 110414K [0x0000000080000000, 0x0000000100000000)
  region size 1024K, 44 young (45056K), 1 survivors (1024K)
 Metaspace       used 72939K, committed 73472K, reserved 1114112K
  class space    used 9544K, committed 9792K, reserved 1048576K
}
Event: 17.378 GC heap after
{Heap after GC invocations=34 (full 0):
 garbage-first heap   total 139264K, used 64716K [0x0000000080000000, 0x0000000100000000)
  region size 1024K, 6 young (6144K), 6 survivors (6144K)
 Metaspace       used 72939K, committed 73472K, reserved 1114112K
  class space    used 9544K, committed 9792K, reserved 1048576K
}

